10:50:58.356 [Test worker] INFO  manager.ApplicationManager - Chrome Driver was opened
10:51:02.730 [Test worker] INFO  manager.ApplicationManager - Current URL --> https://ilcarro-1578153671498.web.app/search
10:51:02.753 [Test worker] INFO  TestBase - START TEST WITH NAME: searchCurrentMonthSuccessFromMainPage
10:51:02.754 [Test worker] INFO  manager.ListenerWD - Before Find Elements By -->By.cssSelector: #city
10:51:02.792 [Test worker] INFO  manager.ListenerWD - After Find Element by --> By.cssSelector: #city
10:51:03.419 [Test worker] INFO  manager.ListenerWD - Before Find Elements By -->By.cssSelector: div.pac-item
10:51:04.369 [Test worker] INFO  manager.ListenerWD - After Find Element by --> By.cssSelector: div.pac-item
10:51:07.069 [Test worker] INFO  manager.ListenerWD - Before Find Elements By -->By.cssSelector: #dates
10:51:07.094 [Test worker] INFO  manager.ListenerWD - After Find Element by --> By.cssSelector: #dates
10:51:07.692 [Test worker] INFO  manager.ListenerWD - Before Find Elements By -->By.xpath: //div[text()=' 25 ']
10:51:07.770 [Test worker] INFO  manager.ListenerWD - After Find Element by --> By.xpath: //div[text()=' 25 ']
10:51:07.932 [Test worker] INFO  manager.ListenerWD - Before Find Elements By -->By.xpath: //div[text()=' 30 ']
10:51:07.945 [Test worker] INFO  manager.ListenerWD - After Find Element by --> By.xpath: //div[text()=' 30 ']
10:51:08.218 [Test worker] INFO  manager.ListenerWD - Before Find Elements By -->By.xpath: //button[@type='submit']
10:51:08.290 [Test worker] INFO  manager.ListenerWD - After Find Element by --> By.xpath: //button[@type='submit']
10:51:08.446 [Test worker] INFO  manager.ListenerWD - Before Find Elements By -->By.xpath: //button[@type='submit']
10:51:08.539 [Test worker] INFO  manager.ListenerWD - After Find Element by --> By.xpath: //button[@type='submit']
10:51:11.055 [Test worker] INFO  manager.ListenerWD - After FInd Elements By -->By.cssSelector: .car-img-container
10:51:11.056 [Test worker] INFO  manager.ListenerWD - List size is-->10
10:51:11.059 [Test worker] INFO  TestBase - START TEST WITH NAME: searchNextMonthSuccess
10:51:11.060 [Test worker] INFO  manager.ListenerWD - Before Find Elements By -->By.cssSelector: #city
10:51:11.533 [Test worker] INFO  manager.ListenerWD - After Find Element by --> By.cssSelector: #city
10:51:16.034 [Test worker] INFO  manager.ListenerWD - Before Find Elements By -->By.cssSelector: div.pac-item
10:51:16.395 [Test worker] INFO  manager.ListenerWD - After Find Element by --> By.cssSelector: div.pac-item
10:51:16.963 [Test worker] INFO  manager.ListenerWD - The name of the error methodclick
10:51:16.971 [Test worker] INFO  manager.ListenerWD - Error description: org.openqa.selenium.StaleElementReferenceException: stale element reference: element is not attached to the page document
  (Session info: chrome=106.0.5249.119)
For documentation on this error, please visit: https://selenium.dev/exceptions/#stale_element_reference
Build info: version: '4.4.0', revision: 'e5c75ed026a'
System info: host: 'Gurevichs-MBP.lan', ip: '2a0d:6fc2:4e60:a900:6c9e:3e0c:d52d:ff7d%en0', os.name: 'Mac OS X', os.arch: 'aarch64', os.version: '12.6', java.version: '11.0.16.1'
Driver info: org.openqa.selenium.chrome.ChromeDriver
Command: [fccf380f9b1c53fc065fbb0e22e5aad5, clickElement {id=213b1f07-559e-4545-ba3a-1c3cf7142f87}]
Capabilities {acceptInsecureCerts: false, browserName: chrome, browserVersion: 106.0.5249.119, chrome: {chromedriverVersion: 106.0.5249.61 (511755355844..., userDataDir: /var/folders/1t/ycm_f_n138g...}, goog:chromeOptions: {debuggerAddress: localhost:62174}, networkConnectionEnabled: false, pageLoadStrategy: normal, platformName: MAC, proxy: Proxy(), se:cdp: ws://localhost:62174/devtoo..., se:cdpVersion: 106.0.5249.119, setWindowRect: true, strictFileInteractability: false, timeouts: {implicit: 0, pageLoad: 300000, script: 30000}, unhandledPromptBehavior: dismiss and notify, webauthn:extension:credBlob: true, webauthn:extension:largeBlob: true, webauthn:virtualAuthenticators: true}
Element: [[ChromeDriver: chrome on MAC (fccf380f9b1c53fc065fbb0e22e5aad5)] -> css selector: div.pac-item]
Session ID: fccf380f9b1c53fc065fbb0e22e5aad5
10:51:16.971 [Test worker] INFO  manager.ListenerWD - ******************************
10:51:16.971 [Test worker] INFO  manager.ListenerWD - [[ChromeDriver: chrome on MAC (fccf380f9b1c53fc065fbb0e22e5aad5)] -> css selector: div.pac-item]
10:51:16.972 [Test worker] INFO  manager.ListenerWD - Screen with error is 1084src/test/Screenshots/screen1084.png
10:51:16.974 [Test worker] INFO  TestBase - START TEST WITH NAME: searchNextMonthSuccessFromHeader
10:51:16.975 [Test worker] INFO  manager.ListenerWD - Before Find Elements By -->By.cssSelector: [href='/search']
10:51:16.989 [Test worker] INFO  manager.ListenerWD - After Find Element by --> By.cssSelector: [href='/search']
10:51:17.097 [Test worker] INFO  manager.ListenerWD - Before Find Elements By -->By.cssSelector: #city
10:51:17.107 [Test worker] INFO  manager.ListenerWD - After Find Element by --> By.cssSelector: #city
10:51:17.324 [Test worker] INFO  manager.ListenerWD - Before Find Elements By -->By.cssSelector: div.pac-item
10:51:17.331 [Test worker] INFO  manager.ListenerWD - After Find Element by --> By.cssSelector: div.pac-item
10:51:22.375 [Test worker] INFO  manager.ListenerWD - The name of the error methodclick
10:51:22.377 [Test worker] INFO  manager.ListenerWD - Error description: org.openqa.selenium.ElementNotInteractableException: element not interactable
  (Session info: chrome=106.0.5249.119)
Build info: version: '4.4.0', revision: 'e5c75ed026a'
System info: host: 'Gurevichs-MBP.lan', ip: '2a0d:6fc2:4e60:a900:6c9e:3e0c:d52d:ff7d%en0', os.name: 'Mac OS X', os.arch: 'aarch64', os.version: '12.6', java.version: '11.0.16.1'
Driver info: org.openqa.selenium.chrome.ChromeDriver
Command: [fccf380f9b1c53fc065fbb0e22e5aad5, clickElement {id=e17a6db1-12f5-44f2-9bab-93a44cde724d}]
Capabilities {acceptInsecureCerts: false, browserName: chrome, browserVersion: 106.0.5249.119, chrome: {chromedriverVersion: 106.0.5249.61 (511755355844..., userDataDir: /var/folders/1t/ycm_f_n138g...}, goog:chromeOptions: {debuggerAddress: localhost:62174}, networkConnectionEnabled: false, pageLoadStrategy: normal, platformName: MAC, proxy: Proxy(), se:cdp: ws://localhost:62174/devtoo..., se:cdpVersion: 106.0.5249.119, setWindowRect: true, strictFileInteractability: false, timeouts: {implicit: 0, pageLoad: 300000, script: 30000}, unhandledPromptBehavior: dismiss and notify, webauthn:extension:credBlob: true, webauthn:extension:largeBlob: true, webauthn:virtualAuthenticators: true}
Element: [[ChromeDriver: chrome on MAC (fccf380f9b1c53fc065fbb0e22e5aad5)] -> css selector: div.pac-item]
Session ID: fccf380f9b1c53fc065fbb0e22e5aad5
10:51:22.377 [Test worker] INFO  manager.ListenerWD - ******************************
10:51:22.377 [Test worker] INFO  manager.ListenerWD - [[ChromeDriver: chrome on MAC (fccf380f9b1c53fc065fbb0e22e5aad5)] -> css selector: div.pac-item]
10:51:22.377 [Test worker] INFO  manager.ListenerWD - Screen with error is 1009src/test/Screenshots/screen1009.png
