15:52:27.394 [Test worker] INFO  manager.ApplicationManager - Chrome Driver was opened
15:52:30.771 [Test worker] INFO  manager.ApplicationManager - Current URL --> https://ilcarro-1578153671498.web.app/search
15:52:30.797 [Test worker] INFO  TestBase - START TEST WITH NAME: searchCurrentMonthSuccess
15:52:30.799 [Test worker] INFO  manager.ListenerWD - Before Find Elements By -->By.cssSelector: #city
15:52:30.883 [Test worker] INFO  manager.ListenerWD - After Find Element by --> By.cssSelector: #city
15:52:31.435 [Test worker] INFO  manager.ListenerWD - Before Find Elements By -->By.cssSelector: div.pac-item
15:52:32.305 [Test worker] INFO  manager.ListenerWD - After Find Element by --> By.cssSelector: div.pac-item
15:52:33.802 [Test worker] INFO  manager.ListenerWD - Before Find Elements By -->By.cssSelector: #dates
15:52:34.637 [Test worker] INFO  manager.ListenerWD - After Find Element by --> By.cssSelector: #dates
15:52:35.646 [Test worker] INFO  manager.ListenerWD - Before Find Elements By -->By.xpath: //div[text()=' 25 ']
15:52:35.757 [Test worker] INFO  manager.ListenerWD - After Find Element by --> By.xpath: //div[text()=' 25 ']
15:52:36.059 [Test worker] INFO  manager.ListenerWD - Before Find Elements By -->By.xpath: //div[text()=' 30 ']
15:52:36.077 [Test worker] INFO  manager.ListenerWD - After Find Element by --> By.xpath: //div[text()=' 30 ']
15:52:36.356 [Test worker] INFO  manager.ListenerWD - Before Find Elements By -->By.xpath: //button[@type='submit']
15:52:36.374 [Test worker] INFO  manager.ListenerWD - After Find Element by --> By.xpath: //button[@type='submit']
15:52:36.411 [Test worker] INFO  manager.ListenerWD - Before Find Elements By -->By.xpath: //button[@type='submit']
15:52:36.420 [Test worker] INFO  manager.ListenerWD - After Find Element by --> By.xpath: //button[@type='submit']
15:52:39.115 [Test worker] INFO  manager.ListenerWD - After FInd Elements By -->By.cssSelector: .car-img-container
15:52:39.116 [Test worker] INFO  manager.ListenerWD - List size is-->10
15:52:39.120 [Test worker] INFO  TestBase - START TEST WITH NAME: searchNextMonthSuccess
15:52:39.120 [Test worker] INFO  manager.ListenerWD - Before Find Elements By -->By.cssSelector: #city
15:52:39.234 [Test worker] INFO  manager.ListenerWD - After Find Element by --> By.cssSelector: #city
15:52:43.716 [Test worker] INFO  manager.ListenerWD - Before Find Elements By -->By.cssSelector: div.pac-item
15:52:43.748 [Test worker] INFO  manager.ListenerWD - After Find Element by --> By.cssSelector: div.pac-item
15:52:44.310 [Test worker] INFO  manager.ListenerWD - The name of the error methodclick
15:52:44.339 [Test worker] INFO  manager.ListenerWD - Error description: org.openqa.selenium.StaleElementReferenceException: stale element reference: element is not attached to the page document
  (Session info: chrome=106.0.5249.119)
For documentation on this error, please visit: https://selenium.dev/exceptions/#stale_element_reference
Build info: version: '4.4.0', revision: 'e5c75ed026a'
System info: host: 'Gurevichs-MBP.lan', ip: '2a0d:6fc2:4e60:a900:6c9e:3e0c:d52d:ff7d%en0', os.name: 'Mac OS X', os.arch: 'aarch64', os.version: '12.6', java.version: '11.0.16.1'
Driver info: org.openqa.selenium.chrome.ChromeDriver
Command: [40fc607126c0623a8e2401108c774a76, clickElement {id=5f2c68b0-e8a1-44a7-85c7-f8c047946fcb}]
Capabilities {acceptInsecureCerts: false, browserName: chrome, browserVersion: 106.0.5249.119, chrome: {chromedriverVersion: 106.0.5249.61 (511755355844..., userDataDir: /var/folders/1t/ycm_f_n138g...}, goog:chromeOptions: {debuggerAddress: localhost:64443}, networkConnectionEnabled: false, pageLoadStrategy: normal, platformName: MAC, proxy: Proxy(), se:cdp: ws://localhost:64443/devtoo..., se:cdpVersion: 106.0.5249.119, setWindowRect: true, strictFileInteractability: false, timeouts: {implicit: 0, pageLoad: 300000, script: 30000}, unhandledPromptBehavior: dismiss and notify, webauthn:extension:credBlob: true, webauthn:extension:largeBlob: true, webauthn:virtualAuthenticators: true}
Element: [[ChromeDriver: chrome on MAC (40fc607126c0623a8e2401108c774a76)] -> css selector: div.pac-item]
Session ID: 40fc607126c0623a8e2401108c774a76
15:52:44.359 [Test worker] INFO  manager.ListenerWD - ******************************
15:52:44.360 [Test worker] INFO  manager.ListenerWD - [[ChromeDriver: chrome on MAC (40fc607126c0623a8e2401108c774a76)] -> css selector: div.pac-item]
15:52:44.361 [Test worker] INFO  manager.ListenerWD - Screen with error is 1480src/test/Screenshots/screen1480.png
15:52:44.380 [Test worker] INFO  TestBase - START TEST WITH NAME: searchNextMonthSuccessFromHeader
15:52:44.380 [Test worker] INFO  manager.ListenerWD - Before Find Elements By -->By.cssSelector: [href='/search']
15:52:44.394 [Test worker] INFO  manager.ListenerWD - After Find Element by --> By.cssSelector: [href='/search']
15:52:44.508 [Test worker] INFO  manager.ListenerWD - Before Find Elements By -->By.cssSelector: #city
15:52:44.518 [Test worker] INFO  manager.ListenerWD - After Find Element by --> By.cssSelector: #city
15:52:44.687 [Test worker] INFO  manager.ListenerWD - Before Find Elements By -->By.cssSelector: div.pac-item
15:52:44.695 [Test worker] INFO  manager.ListenerWD - After Find Element by --> By.cssSelector: div.pac-item
15:52:49.729 [Test worker] INFO  manager.ListenerWD - The name of the error methodclick
15:52:49.730 [Test worker] INFO  manager.ListenerWD - Error description: org.openqa.selenium.ElementNotInteractableException: element not interactable
  (Session info: chrome=106.0.5249.119)
Build info: version: '4.4.0', revision: 'e5c75ed026a'
System info: host: 'Gurevichs-MBP.lan', ip: '2a0d:6fc2:4e60:a900:6c9e:3e0c:d52d:ff7d%en0', os.name: 'Mac OS X', os.arch: 'aarch64', os.version: '12.6', java.version: '11.0.16.1'
Driver info: org.openqa.selenium.chrome.ChromeDriver
Command: [40fc607126c0623a8e2401108c774a76, clickElement {id=91c96b74-6afd-4066-bb77-3a46331dea79}]
Capabilities {acceptInsecureCerts: false, browserName: chrome, browserVersion: 106.0.5249.119, chrome: {chromedriverVersion: 106.0.5249.61 (511755355844..., userDataDir: /var/folders/1t/ycm_f_n138g...}, goog:chromeOptions: {debuggerAddress: localhost:64443}, networkConnectionEnabled: false, pageLoadStrategy: normal, platformName: MAC, proxy: Proxy(), se:cdp: ws://localhost:64443/devtoo..., se:cdpVersion: 106.0.5249.119, setWindowRect: true, strictFileInteractability: false, timeouts: {implicit: 0, pageLoad: 300000, script: 30000}, unhandledPromptBehavior: dismiss and notify, webauthn:extension:credBlob: true, webauthn:extension:largeBlob: true, webauthn:virtualAuthenticators: true}
Element: [[ChromeDriver: chrome on MAC (40fc607126c0623a8e2401108c774a76)] -> css selector: div.pac-item]
Session ID: 40fc607126c0623a8e2401108c774a76
15:52:49.730 [Test worker] INFO  manager.ListenerWD - ******************************
15:52:49.730 [Test worker] INFO  manager.ListenerWD - [[ChromeDriver: chrome on MAC (40fc607126c0623a8e2401108c774a76)] -> css selector: div.pac-item]
15:52:49.731 [Test worker] INFO  manager.ListenerWD - Screen with error is 1981src/test/Screenshots/screen1981.png
