10:36:47.783 [Test worker] INFO  manager.ApplicationManager - Chrome Driver was opened
10:36:52.793 [Test worker] INFO  manager.ApplicationManager - Current URL --> https://ilcarro-1578153671498.web.app/search
10:36:52.816 [Test worker] INFO  TestBase - START TEST WITH NAME: searchNextMonthSuccessFromHeader
10:36:52.818 [Test worker] INFO  manager.ListenerWD - Before Find Elements By -->By.cssSelector: [href='/search']
10:36:52.859 [Test worker] INFO  manager.ListenerWD - After Find Element by --> By.cssSelector: [href='/search']
10:36:53.030 [Test worker] INFO  manager.ListenerWD - Before Find Elements By -->By.cssSelector: #city
10:36:53.043 [Test worker] INFO  manager.ListenerWD - After Find Element by --> By.cssSelector: #city
10:36:54.868 [Test worker] INFO  manager.ListenerWD - Before Find Elements By -->By.cssSelector: div.pac-item
10:36:56.800 [Test worker] INFO  manager.ListenerWD - After Find Element by --> By.cssSelector: div.pac-item
10:36:58.544 [Test worker] INFO  manager.ListenerWD - Before Find Elements By -->By.cssSelector: #dates
10:36:58.577 [Test worker] INFO  manager.ListenerWD - After Find Element by --> By.cssSelector: #dates
10:36:59.866 [Test worker] INFO  manager.ListenerWD - After FInd Elements By -->By.xpath: //*[text()=' OCT 2022 ']
10:36:59.867 [Test worker] INFO  manager.ListenerWD - List size is-->2
10:36:59.867 [Test worker] INFO  manager.ListenerWD - Before Find Elements By -->By.xpath: //div[text()=' 25 ']
10:36:59.915 [Test worker] INFO  manager.ListenerWD - After Find Element by --> By.xpath: //div[text()=' 25 ']
10:37:00.046 [Test worker] INFO  manager.ListenerWD - Before Find Elements By -->By.xpath: //div[text()=' 30 ']
10:37:00.080 [Test worker] INFO  manager.ListenerWD - After Find Element by --> By.xpath: //div[text()=' 30 ']
10:37:00.794 [Test worker] INFO  manager.ListenerWD - Before Find Elements By -->By.xpath: //button[@type='submit']
10:37:00.831 [Test worker] INFO  manager.ListenerWD - After Find Element by --> By.xpath: //button[@type='submit']
10:37:00.868 [Test worker] INFO  manager.ListenerWD - Before Find Elements By -->By.xpath: //button[@type='submit']
10:37:00.878 [Test worker] INFO  manager.ListenerWD - After Find Element by --> By.xpath: //button[@type='submit']
10:37:02.623 [Test worker] INFO  manager.ListenerWD - After FInd Elements By -->By.cssSelector: .car-img-container
10:37:02.623 [Test worker] INFO  manager.ListenerWD - List size is-->10
10:37:02.628 [Test worker] INFO  TestBase - START TEST WITH NAME: searchCurrentMonthSuccessFromMainPage
10:37:03.134 [Test worker] INFO  manager.ListenerWD - Before Find Elements By -->By.cssSelector: #city
10:37:03.165 [Test worker] INFO  manager.ListenerWD - After Find Element by --> By.cssSelector: #city
10:37:05.774 [Test worker] INFO  manager.ListenerWD - Before Find Elements By -->By.cssSelector: div.pac-item
10:37:05.854 [Test worker] INFO  manager.ListenerWD - After Find Element by --> By.cssSelector: div.pac-item
10:37:06.005 [Test worker] INFO  manager.ListenerWD - Before Find Elements By -->By.cssSelector: #dates
10:37:11.025 [Test worker] INFO  manager.ListenerWD - The name of the error methodfindElement
10:37:11.042 [Test worker] INFO  manager.ListenerWD - Error description: org.openqa.selenium.NoSuchElementException: no such element: Unable to locate element: {"method":"css selector","selector":"#dates"}
  (Session info: chrome=106.0.5249.119)
For documentation on this error, please visit: https://selenium.dev/exceptions/#no_such_element
Build info: version: '4.4.0', revision: 'e5c75ed026a'
System info: host: 'Gurevichs-MBP.lan', ip: '2a0d:6fc2:4e60:a900:6c9e:3e0c:d52d:ff7d%en0', os.name: 'Mac OS X', os.arch: 'aarch64', os.version: '12.6', java.version: '11.0.16.1'
Driver info: org.openqa.selenium.chrome.ChromeDriver
Command: [94488ff98babf870c320343e7d916b6d, findElement {using=css selector, value=#dates}]
Capabilities {acceptInsecureCerts: false, browserName: chrome, browserVersion: 106.0.5249.119, chrome: {chromedriverVersion: 106.0.5249.61 (511755355844..., userDataDir: /var/folders/1t/ycm_f_n138g...}, goog:chromeOptions: {debuggerAddress: localhost:58535}, networkConnectionEnabled: false, pageLoadStrategy: normal, platformName: MAC, proxy: Proxy(), se:cdp: ws://localhost:58535/devtoo..., se:cdpVersion: 106.0.5249.119, setWindowRect: true, strictFileInteractability: false, timeouts: {implicit: 0, pageLoad: 300000, script: 30000}, unhandledPromptBehavior: dismiss and notify, webauthn:extension:credBlob: true, webauthn:extension:largeBlob: true, webauthn:virtualAuthenticators: true}
Session ID: 94488ff98babf870c320343e7d916b6d
10:37:11.042 [Test worker] INFO  manager.ListenerWD - ******************************
10:37:11.042 [Test worker] INFO  manager.ListenerWD - ChromeDriver: chrome on MAC (94488ff98babf870c320343e7d916b6d)
10:37:11.044 [Test worker] INFO  manager.ListenerWD - Screen with error is 1113src/test/Screenshots/screen1113.png
10:37:11.910 [Test worker] INFO  TestBase - START TEST WITH NAME: searchNextMonthSuccess
10:37:11.910 [Test worker] INFO  manager.ListenerWD - Before Find Elements By -->By.cssSelector: #city
10:37:11.919 [Test worker] INFO  manager.ListenerWD - After Find Element by --> By.cssSelector: #city
10:37:12.213 [Test worker] INFO  manager.ListenerWD - Before Find Elements By -->By.cssSelector: div.pac-item
10:37:12.225 [Test worker] INFO  manager.ListenerWD - After Find Element by --> By.cssSelector: div.pac-item
10:37:12.654 [Test worker] INFO  manager.ListenerWD - The name of the error methodclick
10:37:12.654 [Test worker] INFO  manager.ListenerWD - Error description: org.openqa.selenium.StaleElementReferenceException: stale element reference: element is not attached to the page document
  (Session info: chrome=106.0.5249.119)
For documentation on this error, please visit: https://selenium.dev/exceptions/#stale_element_reference
Build info: version: '4.4.0', revision: 'e5c75ed026a'
System info: host: 'Gurevichs-MBP.lan', ip: '2a0d:6fc2:4e60:a900:6c9e:3e0c:d52d:ff7d%en0', os.name: 'Mac OS X', os.arch: 'aarch64', os.version: '12.6', java.version: '11.0.16.1'
Driver info: org.openqa.selenium.chrome.ChromeDriver
Command: [94488ff98babf870c320343e7d916b6d, clickElement {id=58290b0e-6670-4300-80bf-7059865591e1}]
Capabilities {acceptInsecureCerts: false, browserName: chrome, browserVersion: 106.0.5249.119, chrome: {chromedriverVersion: 106.0.5249.61 (511755355844..., userDataDir: /var/folders/1t/ycm_f_n138g...}, goog:chromeOptions: {debuggerAddress: localhost:58535}, networkConnectionEnabled: false, pageLoadStrategy: normal, platformName: MAC, proxy: Proxy(), se:cdp: ws://localhost:58535/devtoo..., se:cdpVersion: 106.0.5249.119, setWindowRect: true, strictFileInteractability: false, timeouts: {implicit: 0, pageLoad: 300000, script: 30000}, unhandledPromptBehavior: dismiss and notify, webauthn:extension:credBlob: true, webauthn:extension:largeBlob: true, webauthn:virtualAuthenticators: true}
Element: [[ChromeDriver: chrome on MAC (94488ff98babf870c320343e7d916b6d)] -> css selector: div.pac-item]
Session ID: 94488ff98babf870c320343e7d916b6d
10:37:12.655 [Test worker] INFO  manager.ListenerWD - ******************************
10:37:12.655 [Test worker] INFO  manager.ListenerWD - [[ChromeDriver: chrome on MAC (94488ff98babf870c320343e7d916b6d)] -> css selector: div.pac-item]
10:37:12.655 [Test worker] INFO  manager.ListenerWD - Screen with error is 1747src/test/Screenshots/screen1747.png
